2017-05-08 10:14:21,065.65.6890869140625:root:140736346809280:INFO:3120:Connecting to cassandra...
2017-05-08 10:14:21,070.70.46985626220703:cassandra.policies:140736346809280:INFO:3120:Using datacenter 'SearchAnalytics' for DCAwareRoundRobinPolicy (via host '127.0.0.1'); if incorrect, please specify a local_dc to the constructor, or limit contact points to local cluster nodes
2017-05-08 10:14:21,084.84.69200134277344:root:140736346809280:INFO:3120:Creating keyspace...
2017-05-08 10:14:21,089.89.59007263183594:cassandra.policies:140736346809280:INFO:3120:Using datacenter 'SearchAnalytics' for DCAwareRoundRobinPolicy (via host '127.0.0.1'); if incorrect, please specify a local_dc to the constructor, or limit contact points to local cluster nodes
2017-05-08 10:14:21,104.104.1269302368164:root:140736346809280:INFO:3120:Creating table...
/Users/admin/Projects/github/docker/eventparser/env/lib/python3.6/site-packages/cassandra/cqlengine/management.py:545: UserWarning: CQLENG_ALLOW_SCHEMA_MANAGEMENT environment variable is not set. Future versions of this package will require this variable to enable management functions.
  warnings.warn(msg)
2017-05-08 10:14:21,105.105.0729751586914:cassandra.cqlengine.management:140736346809280:WARNING:3120:CQLENG_ALLOW_SCHEMA_MANAGEMENT environment variable is not set. Future versions of this package will require this variable to enable management functions.
2017-05-08 10:14:21,105.105.78203201293945:root:140736346809280:INFO:3120:Event: potato
2017-05-08 10:14:21,105.105.85713386535645:root:140736346809280:INFO:3120:Tracking keywords: Trump,:D,XD
2017-05-08 10:14:21,105.105.92198371887207:root:140736346809280:INFO:3120:Kafka servers: localhost:9092
2017-05-08 10:14:21,105.105.98301887512207:root:140736346809280:INFO:3120:Connecting to Cassandra...
2017-05-08 10:14:21,106.106.04119300842285:root:140736346809280:INFO:3120:Start stream track
2017-05-08 10:14:21,106.106.52804374694824:kafka.client:140736346809280:INFO:3120:Bootstrapping cluster metadata from [('localhost', 9092, <AddressFamily.AF_UNSPEC: 0>)]
2017-05-08 10:14:21,108.108.85190963745117:kafka.conn:140736346809280:INFO:3120:<BrokerConnection node_id=bootstrap host=localhost/::1 port=9092>: connecting to ::1:9092
2017-05-08 10:14:21,111.111.45496368408203:kafka.client:140736346809280:INFO:3120:Bootstrap succeeded: found 1 brokers and 4 topics.
2017-05-08 10:14:21,111.111.55891418457031:kafka.conn:140736346809280:INFO:3120:<BrokerConnection node_id=bootstrap host=localhost/::1 port=9092>: Closing connection. 
2017-05-08 10:14:21,112.112.71810531616211:kafka.conn:140736346809280:INFO:3120:<BrokerConnection node_id=0 host=engr2-1-11-172-edu.int.colorado.edu/10.233.11.172 port=9092>: connecting to 10.233.11.172:9092
2017-05-08 10:14:21,216.216.89605712890625:kafka.conn:140736346809280:INFO:3120:Broker version identifed as 0.10.1
2017-05-08 10:14:21,217.217.26012229919434:kafka.conn:140736346809280:INFO:3120:Set configuration api_version=(0, 10, 1) to skip auto check_version requests on startup
2017-05-08 10:14:21,218.218.57094764709473:kafka.consumer.subscription_state:140736346809280:INFO:3120:Updating subscribed topics to: ('raw_tweets',)
2017-05-08 10:14:21,219.219.76900100708008:kafka.cluster:140736346809280:INFO:3120:Group coordinator for potato is BrokerMetadata(nodeId=0, host='engr2-1-11-172-edu.int.colorado.edu', port=9092, rack=None)
2017-05-08 10:14:21,219.219.91491317749023:kafka.coordinator:140736346809280:INFO:3120:Discovered coordinator 0 for group potato
2017-05-08 10:14:21,220.220.48521041870117:kafka.coordinator.consumer:140736346809280:INFO:3120:Revoking previously assigned partitions set() for group potato
2017-05-08 10:14:21,220.220.60799598693848:kafka.coordinator:140736346809280:INFO:3120:(Re-)joining group potato
2017-05-08 10:14:24,482.482.2709560394287:kafka.coordinator:140736346809280:INFO:3120:Joined group 'potato' (generation 7) with member_id kafka-python-1.3.3-e0fc0b18-33be-4e47-8bf9-15bcb6c380bb
2017-05-08 10:14:24,482.482.4399948120117:kafka.coordinator:140736346809280:INFO:3120:Elected group leader -- performing partition assignments using range
2017-05-08 10:14:24,483.483.80112648010254:kafka.coordinator:140736346809280:INFO:3120:Successfully joined group potato with generation 7
2017-05-08 10:14:24,484.484.2381477355957:kafka.consumer.subscription_state:140736346809280:INFO:3120:Updated partition assignment: [TopicPartition(topic='raw_tweets', partition=0), TopicPartition(topic='raw_tweets', partition=1)]
2017-05-08 10:14:24,484.484.36999320983887:kafka.coordinator.consumer:140736346809280:INFO:3120:Setting newly assigned partitions {TopicPartition(topic='raw_tweets', partition=1), TopicPartition(topic='raw_tweets', partition=0)} for group potato
2017-05-08 10:14:25,871.871.9029426574707:root:140736346809280:INFO:3120:Parse JSON: 0.0001461505889892578
2017-05-08 10:14:25,973.973.9058017730713:root:140736346809280:INFO:3120:Parse JSON: 0.00033593177795410156
2017-05-08 10:14:25,975.975.5170345306396:root:140736346809280:INFO:3120:Parse JSON: 0.00012183189392089844
2017-05-08 10:14:25,975.975.6319522857666:root:140736346809280:INFO:3120:Filtered tweet: 5.0067901611328125e-06
2017-05-08 10:14:25,975.975.7261276245117:root:140736346809280:INFO:3120:Tweet accepted: raw_tweets:0:65247: key=None tweet_id=861615280635748355
2017-05-08 10:14:25,985.985.5039119720459:root:140736346809280:INFO:3120:Tweet Saved: 0.009682178497314453
2017-05-08 10:14:25,985.985.7089519500732:root:140736346809280:INFO:3120:Total elapsed time : 0.010317802429199219
2017-05-08 10:14:25,985.985.9251976013184:root:140736346809280:INFO:3120:Parse JSON: 0.00011706352233886719
2017-05-08 10:14:25,986.986.0050678253174:root:140736346809280:INFO:3120:Filtered tweet: 4.76837158203125e-06
2017-05-08 10:14:25,986.986.0720634460449:root:140736346809280:INFO:3120:Tweet accepted: raw_tweets:0:65248: key=None tweet_id=861615280912424960
2017-05-08 10:14:25,988.988.739013671875:root:140736346809280:INFO:3120:Tweet Saved: 0.0025959014892578125
2017-05-08 10:14:25,988.988.8908863067627:root:140736346809280:INFO:3120:Total elapsed time : 0.0030829906463623047
2017-05-08 10:14:25,989.989.09592628479:root:140736346809280:INFO:3120:Parse JSON: 0.00011205673217773438
2017-05-08 10:14:25,989.989.1750812530518:root:140736346809280:INFO:3120:Filtered tweet: 4.76837158203125e-06
2017-05-08 10:14:25,989.989.2427921295166:root:140736346809280:INFO:3120:Tweet accepted: raw_tweets:0:65249: key=None tweet_id=861615281071808512
2017-05-08 10:14:25,992.992.1438694000244:root:140736346809280:INFO:3120:Tweet Saved: 0.002825021743774414
2017-05-08 10:14:25,992.992.3450946807861:root:140736346809280:INFO:3120:Total elapsed time : 0.0033600330352783203
2017-05-08 10:14:25,992.992.5618171691895:root:140736346809280:INFO:3120:Parse JSON: 0.00011396408081054688
2017-05-08 10:14:25,992.992.6450252532959:root:140736346809280:INFO:3120:Filtered tweet: 5.0067901611328125e-06
2017-05-08 10:14:25,992.992.7139282226562:root:140736346809280:INFO:3120:Tweet accepted: raw_tweets:0:65250: key=None tweet_id=861615280870522880
2017-05-08 10:14:25,995.995.7749843597412:root:140736346809280:INFO:3120:Tweet Saved: 0.002975940704345703
2017-05-08 10:14:25,995.995.9549903869629:root:140736346809280:INFO:3120:Total elapsed time : 0.003507852554321289
2017-05-08 10:14:25,996.996.1709976196289:root:140736346809280:INFO:3120:Parse JSON: 0.00011777877807617188
2017-05-08 10:14:25,997.997.1661567687988:root:140736346809280:INFO:3120:Parse JSON: 8.606910705566406e-05
2017-05-08 10:14:26,004.4.232883453369141:root:140736346809280:INFO:3120:Parse JSON: 0.0001442432403564453
2017-05-08 10:14:26,004.4.356145858764648:root:140736346809280:INFO:3120:Filtered tweet: 5.9604644775390625e-06
2017-05-08 10:14:26,004.4.431962966918945:root:140736346809280:INFO:3120:Tweet accepted: raw_tweets:0:65252: key=None tweet_id=861615281185185792
2017-05-08 10:14:26,008.8.841991424560547:root:140736346809280:INFO:3120:Tweet Saved: 0.004335165023803711
2017-05-08 10:14:26,009.9.023904800415039:root:140736346809280:INFO:3120:Total elapsed time : 0.004946231842041016
2017-05-08 10:14:26,109.109.91406440734863:root:140736346809280:INFO:3120:Parse JSON: 0.00010800361633300781
2017-05-08 10:14:26,110.110.20398139953613:root:140736346809280:INFO:3120:Filtered tweet: 1.0013580322265625e-05
2017-05-08 10:14:26,110.110.33082008361816:root:140736346809280:INFO:3120:Tweet accepted: raw_tweets:1:6601: key=None tweet_id=861615281613025282
2017-05-08 10:14:26,114.114.64095115661621:root:140736346809280:INFO:3120:Tweet Saved: 0.004194974899291992
2017-05-08 10:14:26,114.114.87007141113281:root:140736346809280:INFO:3120:Total elapsed time : 0.005079030990600586
2017-05-08 10:14:26,116.116.33110046386719:root:140736346809280:INFO:3120:Parse JSON: 0.0002760887145996094
2017-05-08 10:14:26,116.116.44291877746582:root:140736346809280:INFO:3120:Filtered tweet: 5.0067901611328125e-06
2017-05-08 10:14:26,116.116.53304100036621:root:140736346809280:INFO:3120:Tweet accepted: raw_tweets:0:65253: key=None tweet_id=861615281633996801
2017-05-08 10:14:26,120.120.60999870300293:root:140736346809280:INFO:3120:Tweet Saved: 0.003985881805419922
2017-05-08 10:14:26,120.120.82099914550781:root:140736346809280:INFO:3120:Total elapsed time : 0.0047681331634521484
2017-05-08 10:14:26,160.160.92395782470703:root:140736346809280:INFO:3120:Parse JSON: 0.00011396408081054688
2017-05-08 10:14:26,161.161.04698181152344:root:140736346809280:INFO:3120:Filtered tweet: 5.7220458984375e-06
2017-05-08 10:14:26,161.161.12208366394043:root:140736346809280:INFO:3120:Tweet accepted: raw_tweets:1:6602: key=None tweet_id=861615281826922496
2017-05-08 10:14:26,164.164.6280288696289:root:140736346809280:INFO:3120:Tweet Saved: 0.0034308433532714844
2017-05-08 10:14:26,164.164.808988571167:root:140736346809280:INFO:3120:Total elapsed time : 0.00400996208190918
2017-05-08 10:14:26,166.166.3980484008789:root:140736346809280:INFO:3120:Parse JSON: 9.608268737792969e-05
2017-05-08 10:14:26,166.166.49603843688965:root:140736346809280:INFO:3120:Filtered tweet: 6.198883056640625e-06
2017-05-08 10:14:26,166.166.56899452209473:root:140736346809280:INFO:3120:Tweet accepted: raw_tweets:0:65254: key=None tweet_id=861615281923178496
2017-05-08 10:14:26,170.170.49002647399902:root:140736346809280:INFO:3120:Tweet Saved: 0.0038411617279052734
2017-05-08 10:14:26,170.170.6829071044922:root:140736346809280:INFO:3120:Total elapsed time : 0.004388093948364258
2017-05-08 10:14:26,170.170.8810329437256:root:140736346809280:INFO:3120:Parse JSON: 8.702278137207031e-05
2017-05-08 10:14:26,171.171.20599746704102:root:140736346809280:INFO:3120:Parse JSON: 0.00023293495178222656
2017-05-08 10:14:26,171.171.44083976745605:root:140736346809280:INFO:3120:Parse JSON: 0.0001461505889892578
2017-05-08 10:14:26,171.171.51784896850586:root:140736346809280:INFO:3120:Filtered tweet: 5.0067901611328125e-06
2017-05-08 10:14:26,171.171.5850830078125:root:140736346809280:INFO:3120:Tweet accepted: raw_tweets:0:65257: key=None tweet_id=861615282099544065
2017-05-08 10:14:26,174.174.71003532409668:root:140736346809280:INFO:3120:Tweet Saved: 0.003052234649658203
2017-05-08 10:14:26,174.174.8819351196289:root:140736346809280:INFO:3120:Total elapsed time : 0.0035851001739501953
2017-05-08 10:14:26,176.176.1629581451416:root:140736346809280:INFO:3120:Parse JSON: 0.0002148151397705078
2017-05-08 10:14:26,207.207.6411247253418:root:140736346809280:INFO:3120:Parse JSON: 0.00018596649169921875
2017-05-08 10:14:26,207.207.81898498535156:root:140736346809280:INFO:3120:Filtered tweet: 8.106231689453125e-06
2017-05-08 10:14:26,207.207.93914794921875:root:140736346809280:INFO:3120:Tweet accepted: raw_tweets:0:65258: key=None tweet_id=861615282166546434
2017-05-08 10:14:26,212.212.7528190612793:root:140736346809280:INFO:3120:Tweet Saved: 0.004700899124145508
2017-05-08 10:14:26,212.212.97621726989746:root:140736346809280:INFO:3120:Total elapsed time : 0.0055370330810546875
2017-05-08 10:14:26,234.234.45820808410645:root:140736346809280:INFO:3120:Parse JSON: 0.00011682510375976562
2017-05-08 10:14:26,234.234.56788063049316:root:140736346809280:INFO:3120:Filtered tweet: 5.9604644775390625e-06
2017-05-08 10:14:26,234.234.6491813659668:root:140736346809280:INFO:3120:Tweet accepted: raw_tweets:1:6604: key=None tweet_id=861615282384551936
2017-05-08 10:14:26,238.238.51490020751953:root:140736346809280:INFO:3120:Tweet Saved: 0.0037631988525390625
2017-05-08 10:14:26,238.238.7099266052246:root:140736346809280:INFO:3120:Total elapsed time : 0.004372835159301758
2017-05-08 10:14:26,239.239.79997634887695:root:140736346809280:INFO:3120:Parse JSON: 0.0001289844512939453
2017-05-08 10:14:26,258.258.3730220794678:root:140736346809280:INFO:3120:Parse JSON: 0.00027489662170410156
2017-05-08 10:14:26,258.258.4969997406006:root:140736346809280:INFO:3120:Filtered tweet: 5.0067901611328125e-06
2017-05-08 10:14:26,258.258.5752010345459:root:140736346809280:INFO:3120:Tweet accepted: raw_tweets:1:6605: key=None tweet_id=861615282371960832
2017-05-08 10:14:26,262.262.2690200805664:root:140736346809280:INFO:3120:Tweet Saved: 0.0036191940307617188
2017-05-08 10:14:26,262.262.4499797821045:root:140736346809280:INFO:3120:Total elapsed time : 0.004363059997558594
2017-05-08 10:14:26,263.263.60607147216797:root:140736346809280:INFO:3120:Parse JSON: 0.00019407272338867188
2017-05-08 10:14:26,263.263.69309425354004:root:140736346809280:INFO:3120:Filtered tweet: 4.76837158203125e-06
2017-05-08 10:14:26,263.263.7619972229004:root:140736346809280:INFO:3120:Tweet accepted: raw_tweets:0:65260: key=None tweet_id=861615281466216449
2017-05-08 10:14:26,266.266.6199207305908:root:140736346809280:INFO:3120:Tweet Saved: 0.002789020538330078
2017-05-08 10:14:26,266.266.77894592285156:root:140736346809280:INFO:3120:Total elapsed time : 0.003368854522705078
2017-05-08 10:14:26,289.289.172887802124:root:140736346809280:INFO:3120:Parse JSON: 0.00013875961303710938
2017-05-08 10:14:26,289.289.29591178894043:root:140736346809280:INFO:3120:Filtered tweet: 5.9604644775390625e-06
2017-05-08 10:14:26,289.289.3719673156738:root:140736346809280:INFO:3120:Tweet accepted: raw_tweets:1:6606: key=None tweet_id=861615282879463424
2017-05-08 10:14:26,293.293.2920455932617:root:140736346809280:INFO:3120:Tweet Saved: 0.003840923309326172
2017-05-08 10:14:26,293.293.5049533843994:root:140736346809280:INFO:3120:Total elapsed time : 0.004479885101318359
2017-05-08 10:14:26,335.335.3710174560547:root:140736346809280:INFO:3120:Parse JSON: 0.00010395050048828125
2017-05-08 10:14:26,335.335.493803024292:root:140736346809280:INFO:3120:Filtered tweet: 4.76837158203125e-06
2017-05-08 10:14:26,335.335.5698585510254:root:140736346809280:INFO:3120:Tweet accepted: raw_tweets:0:65261: key=None tweet_id=861615282422521856
2017-05-08 10:14:26,339.339.04504776000977:root:140736346809280:INFO:3120:Tweet Saved: 0.003400087356567383
2017-05-08 10:14:26,339.339.22696113586426:root:140736346809280:INFO:3120:Total elapsed time : 0.003971099853515625
2017-05-08 10:14:26,340.340.4531478881836:root:140736346809280:INFO:3120:Parse JSON: 0.00011086463928222656
2017-05-08 10:14:26,340.340.5599594116211:root:140736346809280:INFO:3120:Filtered tweet: 7.152557373046875e-06
2017-05-08 10:14:26,340.340.656042098999:root:140736346809280:INFO:3120:Tweet accepted: raw_tweets:1:6607: key=None tweet_id=861615282686615552
2017-05-08 10:14:26,344.344.2728519439697:root:140736346809280:INFO:3120:Tweet Saved: 0.0035419464111328125
2017-05-08 10:14:26,344.344.4647789001465:root:140736346809280:INFO:3120:Total elapsed time : 0.004125118255615234
2017-05-08 10:14:26,344.344.667911529541:root:140736346809280:INFO:3120:Parse JSON: 0.00010704994201660156
2017-05-08 10:14:26,344.344.74706649780273:root:140736346809280:INFO:3120:Filtered tweet: 5.0067901611328125e-06
2017-05-08 10:14:26,344.344.8150157928467:root:140736346809280:INFO:3120:Tweet accepted: raw_tweets:1:6608: key=None tweet_id=861615281885650944
2017-05-08 10:14:26,347.347.58901596069336:root:140736346809280:INFO:3120:Tweet Saved: 0.002705812454223633
2017-05-08 10:14:26,347.347.736120223999:root:140736346809280:INFO:3120:Total elapsed time : 0.0031747817993164062
2017-05-08 10:14:26,348.348.7250804901123:root:140736346809280:INFO:3120:Parse JSON: 9.799003601074219e-05
2017-05-08 10:14:26,348.348.80900382995605:root:140736346809280:INFO:3120:Filtered tweet: 5.245208740234375e-06
2017-05-08 10:14:26,348.348.89793395996094:root:140736346809280:INFO:3120:Tweet accepted: raw_tweets:0:65262: key=None tweet_id=861615282984333312
2017-05-08 10:14:26,351.351.5820503234863:root:140736346809280:INFO:3120:Tweet Saved: 0.0026099681854248047
2017-05-08 10:14:26,351.351.73892974853516:root:140736346809280:INFO:3120:Total elapsed time : 0.003113985061645508
2017-05-08 10:14:26,388.388.4749412536621:root:140736346809280:INFO:3120:Parse JSON: 0.00015401840209960938
2017-05-08 10:14:26,388.388.6439800262451:root:140736346809280:INFO:3120:Filtered tweet: 6.9141387939453125e-06
2017-05-08 10:14:26,388.388.75603675842285:root:140736346809280:INFO:3120:Tweet accepted: raw_tweets:1:6609: key=None tweet_id=861615282367889409
2017-05-08 10:14:26,393.393.7370777130127:root:140736346809280:INFO:3120:Tweet Saved: 0.004868030548095703
2017-05-08 10:14:26,393.393.97501945495605:root:140736346809280:INFO:3120:Total elapsed time : 0.005669116973876953
2017-05-08 10:14:26,395.395.3359127044678:root:140736346809280:INFO:3120:Parse JSON: 0.0002770423889160156
2017-05-08 10:14:26,399.399.7318744659424:root:140736346809280:INFO:3120:Parse JSON: 0.00024771690368652344
2017-05-08 10:14:26,399.399.8541831970215:root:140736346809280:INFO:3120:Filtered tweet: 6.198883056640625e-06
2017-05-08 10:14:26,399.399.9459743499756:root:140736346809280:INFO:3120:Tweet accepted: raw_tweets:1:6610: key=None tweet_id=861615282879647744
2017-05-08 10:14:26,404.404.18505668640137:root:140736346809280:INFO:3120:Tweet Saved: 0.00414276123046875
2017-05-08 10:14:26,404.404.41179275512695:root:140736346809280:INFO:3120:Total elapsed time : 0.004931926727294922
2017-05-08 10:14:26,463.463.4580612182617:root:140736346809280:INFO:3120:Parse JSON: 0.0004367828369140625
2017-05-08 10:14:26,463.463.6108875274658:root:140736346809280:INFO:3120:Filtered tweet: 7.152557373046875e-06
2017-05-08 10:14:26,463.463.70792388916016:root:140736346809280:INFO:3120:Tweet accepted: raw_tweets:0:65264: key=None tweet_id=861615282397343747
2017-05-08 10:14:26,468.468.31798553466797:root:140736346809280:INFO:3120:Tweet Saved: 0.004509925842285156
2017-05-08 10:14:26,468.468.5399532318115:root:140736346809280:INFO:3120:Total elapsed time : 0.005532026290893555
2017-05-08 10:14:26,469.469.81191635131836:root:140736346809280:INFO:3120:Parse JSON: 0.00016498565673828125
2017-05-08 10:14:26,469.469.9242115020752:root:140736346809280:INFO:3120:Filtered tweet: 5.9604644775390625e-06
2017-05-08 10:14:26,470.470.0181484222412:root:140736346809280:INFO:3120:Tweet accepted: raw_tweets:1:6611: key=None tweet_id=861615283047411712
2017-05-08 10:14:26,473.473.6659526824951:root:140736346809280:INFO:3120:Tweet Saved: 0.0035581588745117188
2017-05-08 10:14:26,473.473.83594512939453:root:140736346809280:INFO:3120:Total elapsed time : 0.004194736480712891
2017-05-08 10:14:26,503.503.6149024963379:root:140736346809280:INFO:3120:Parse JSON: 0.00028204917907714844
2017-05-08 10:14:26,503.503.74913215637207:root:140736346809280:INFO:3120:Filtered tweet: 6.9141387939453125e-06
2017-05-08 10:14:26,503.503.8430690765381:root:140736346809280:INFO:3120:Tweet accepted: raw_tweets:0:65265: key=None tweet_id=861615283496140800
2017-05-08 10:14:26,507.507.6868534088135:root:140736346809280:INFO:3120:Tweet Saved: 0.0037610530853271484
2017-05-08 10:14:26,507.507.88402557373047:root:140736346809280:INFO:3120:Total elapsed time : 0.004562854766845703
2017-05-08 10:14:26,556.556.7700862884521:root:140736346809280:INFO:3120:Parse JSON: 0.00021004676818847656
2017-05-08 10:14:26,556.556.9000244140625:root:140736346809280:INFO:3120:Filtered tweet: 5.7220458984375e-06
2017-05-08 10:14:26,556.556.9779872894287:root:140736346809280:INFO:3120:Tweet accepted: raw_tweets:1:6612: key=None tweet_id=861615283902992384
2017-05-08 10:14:26,560.560.5361461639404:root:140736346809280:INFO:3120:Tweet Saved: 0.003481149673461914
2017-05-08 10:14:26,560.560.715913772583:root:140736346809280:INFO:3120:Total elapsed time : 0.004168033599853516
2017-05-08 10:14:26,562.562.2849464416504:root:140736346809280:INFO:3120:Parse JSON: 0.00021910667419433594
2017-05-08 10:14:26,562.562.5669956207275:root:140736346809280:INFO:3120:Parse JSON: 0.00015401840209960938
2017-05-08 10:14:26,562.562.650203704834:root:140736346809280:INFO:3120:Filtered tweet: 5.0067901611328125e-06
2017-05-08 10:14:26,562.562.7200603485107:root:140736346809280:INFO:3120:Tweet accepted: raw_tweets:0:65267: key=None tweet_id=861615283940737024
2017-05-08 10:14:26,565.565.7978057861328:root:140736346809280:INFO:3120:Tweet Saved: 0.003004789352416992
2017-05-08 10:14:26,565.565.9708976745605:root:140736346809280:INFO:3120:Total elapsed time : 0.0035581588745117188
2017-05-08 10:14:26,566.566.1981105804443:root:140736346809280:INFO:3120:Parse JSON: 0.00013685226440429688
2017-05-08 10:14:26,566.566.277027130127:root:140736346809280:INFO:3120:Filtered tweet: 5.0067901611328125e-06
2017-05-08 10:14:26,566.566.3459300994873:root:140736346809280:INFO:3120:Tweet accepted: raw_tweets:0:65268: key=None tweet_id=861615283907080192
2017-05-08 10:14:26,569.569.0770149230957:root:140736346809280:INFO:3120:Tweet Saved: 0.002662181854248047
2017-05-08 10:14:26,569.569.2348480224609:root:140736346809280:INFO:3120:Total elapsed time : 0.0031731128692626953
2017-05-08 10:14:26,792.792.9441928863525:root:140736346809280:INFO:3120:Parse JSON: 0.0002949237823486328
2017-05-08 10:14:26,793.793.1880950927734:root:140736346809280:INFO:3120:Filtered tweet: 9.298324584960938e-06
2017-05-08 10:14:26,793.793.3177947998047:root:140736346809280:INFO:3120:Tweet accepted: raw_tweets:1:6613: key=None tweet_id=861615284720996352
2017-05-08 10:14:26,798.798.1441020965576:root:140736346809280:INFO:3120:Tweet Saved: 0.004709005355834961
2017-05-08 10:14:26,798.798.3870506286621:root:140736346809280:INFO:3120:Total elapsed time : 0.0057528018951416016
2017-05-08 10:14:26,800.800.9979724884033:root:140736346809280:INFO:3120:Parse JSON: 9.393692016601562e-05
2017-05-08 10:14:26,801.801.1178970336914:root:140736346809280:INFO:3120:Filtered tweet: 6.9141387939453125e-06
2017-05-08 10:14:26,801.801.2118339538574:root:140736346809280:INFO:3120:Tweet accepted: raw_tweets:0:65269: key=None tweet_id=861615283567460353
2017-05-08 10:14:26,804.804.9120903015137:root:140736346809280:INFO:3120:Tweet Saved: 0.0036039352416992188
2017-05-08 10:14:26,805.805.1259517669678:root:140736346809280:INFO:3120:Total elapsed time : 0.004227876663208008
2017-05-08 10:14:26,805.805.3569793701172:root:140736346809280:INFO:3120:Parse JSON: 0.00011110305786132812
2017-05-08 10:14:26,805.805.4478168487549:root:140736346809280:INFO:3120:Filtered tweet: 5.245208740234375e-06
2017-05-08 10:14:26,805.805.5291175842285:root:140736346809280:INFO:3120:Tweet accepted: raw_tweets:0:65270: key=None tweet_id=861615282959273984
2017-05-08 10:14:26,808.808.9752197265625:root:140736346809280:INFO:3120:Tweet Saved: 0.003359079360961914
2017-05-08 10:14:26,809.809.147834777832:root:140736346809280:INFO:3120:Total elapsed time : 0.003902912139892578
2017-05-08 10:14:26,809.809.3209266662598:root:140736346809280:INFO:3120:Parse JSON: 7.200241088867188e-05
2017-05-08 10:14:26,809.809.406042098999:root:140736346809280:INFO:3120:Filtered tweet: 5.0067901611328125e-06
2017-05-08 10:14:26,809.809.4789981842041:root:140736346809280:INFO:3120:Tweet accepted: raw_tweets:0:65271: key=None tweet_id=861615283693289479
2017-05-08 10:14:26,812.812.5009536743164:root:140736346809280:INFO:3120:Tweet Saved: 0.002948284149169922
2017-05-08 10:14:26,812.812.6621246337891:root:140736346809280:INFO:3120:Total elapsed time : 0.0034148693084716797
2017-05-08 10:14:26,812.812.8321170806885:root:140736346809280:INFO:3120:Parse JSON: 7.581710815429688e-05
2017-05-08 10:14:26,812.812.9210472106934:root:140736346809280:INFO:3120:Filtered tweet: 5.0067901611328125e-06
2017-05-08 10:14:26,812.812.9889965057373:root:140736346809280:INFO:3120:Tweet accepted: raw_tweets:0:65272: key=None tweet_id=861615283949195266
2017-05-08 10:14:26,815.815.7088756561279:root:140736346809280:INFO:3120:Tweet Saved: 0.002650022506713867
2017-05-08 10:14:26,815.815.8688545227051:root:140736346809280:INFO:3120:Total elapsed time : 0.0031130313873291016
2017-05-08 10:14:26,816.816.166877746582:root:140736346809280:INFO:3120:Parse JSON: 0.0001881122589111328
2017-05-08 10:14:26,816.816.2539005279541:root:140736346809280:INFO:3120:Filtered tweet: 6.198883056640625e-06
2017-05-08 10:14:26,816.816.3230419158936:root:140736346809280:INFO:3120:Tweet accepted: raw_tweets:0:65273: key=None tweet_id=861615283580043265
2017-05-08 10:14:26,818.818.9640045166016:root:140736346809280:INFO:3120:Tweet Saved: 0.0025720596313476562
2017-05-08 10:14:26,819.819.11301612854:root:140736346809280:INFO:3120:Total elapsed time : 0.003133058547973633
2017-05-08 10:14:26,819.819.2739486694336:root:140736346809280:INFO:3120:Parse JSON: 7.224082946777344e-05
2017-05-08 10:14:26,819.819.4518089294434:root:140736346809280:INFO:3120:Parse JSON: 9.107589721679688e-05
2017-05-08 10:14:26,819.819.7519779205322:root:140736346809280:INFO:3120:Parse JSON: 0.00021719932556152344
2017-05-08 10:14:26,819.819.8280334472656:root:140736346809280:INFO:3120:Filtered tweet: 4.0531158447265625e-06
2017-05-08 10:14:26,819.819.8940753936768:root:140736346809280:INFO:3120:Tweet accepted: raw_tweets:0:65276: key=None tweet_id=861615284377059336
2017-05-08 10:14:26,822.822.5741386413574:root:140736346809280:INFO:3120:Tweet Saved: 0.0026121139526367188
2017-05-08 10:14:26,822.822.7219581604004:root:140736346809280:INFO:3120:Total elapsed time : 0.0031859874725341797
2017-05-08 10:14:26,822.822.9219913482666:root:140736346809280:INFO:3120:Parse JSON: 0.00011396408081054688
2017-05-08 10:14:26,822.822.9990005493164:root:140736346809280:INFO:3120:Filtered tweet: 3.814697265625e-06
2017-05-08 10:14:26,823.823.065996170044:root:140736346809280:INFO:3120:Tweet accepted: raw_tweets:0:65277: key=None tweet_id=861615284871811072
2017-05-08 10:14:26,825.825.5941867828369:root:140736346809280:INFO:3120:Tweet Saved: 0.0024569034576416016
2017-05-08 10:14:26,825.825.7439136505127:root:140736346809280:INFO:3120:Total elapsed time : 0.0029349327087402344
2017-05-08 10:14:26,877.877.3529529571533:root:140736346809280:INFO:3120:Parse JSON: 0.0002453327178955078
2017-05-08 10:14:26,877.877.5250911712646:root:140736346809280:INFO:3120:Filtered tweet: 7.867813110351562e-06
2017-05-08 10:14:26,877.877.640962600708:root:140736346809280:INFO:3120:Tweet accepted: raw_tweets:1:6614: key=None tweet_id=861615284922322946
2017-05-08 10:14:26,882.882.0879459381104:root:140736346809280:INFO:3120:Tweet Saved: 0.00432896614074707
2017-05-08 10:14:26,882.882.3370933532715:root:140736346809280:INFO:3120:Total elapsed time : 0.0052297115325927734
2017-05-08 10:14:26,926.926.948070526123:root:140736346809280:INFO:3120:Parse JSON: 0.00015997886657714844
2017-05-08 10:14:26,927.927.1190166473389:root:140736346809280:INFO:3120:Filtered tweet: 7.867813110351562e-06
2017-05-08 10:14:26,927.927.232027053833:root:140736346809280:INFO:3120:Tweet accepted: raw_tweets:0:65278: key=None tweet_id=861615285454884864
2017-05-08 10:14:26,932.932.0790767669678:root:140736346809280:INFO:3120:Tweet Saved: 0.0047380924224853516
2017-05-08 10:14:26,932.932.3110580444336:root:140736346809280:INFO:3120:Total elapsed time : 0.005540132522583008
2017-05-08 10:14:26,933.933.9210987091064:root:140736346809280:INFO:3120:Parse JSON: 0.00013589859008789062
2017-05-08 10:14:26,934.934.035062789917:root:140736346809280:INFO:3120:Filtered tweet: 5.9604644775390625e-06
2017-05-08 10:14:26,934.934.1249465942383:root:140736346809280:INFO:3120:Tweet accepted: raw_tweets:1:6615: key=None tweet_id=861615284704169984
2017-05-08 10:14:26,937.937.8619194030762:root:140736346809280:INFO:3120:Tweet Saved: 0.003648042678833008
2017-05-08 10:14:26,938.938.0600452423096:root:140736346809280:INFO:3120:Total elapsed time : 0.004277944564819336
2017-05-08 10:14:26,938.938.2650852203369:root:140736346809280:INFO:3120:Parse JSON: 9.107589721679688e-05
2017-05-08 10:14:26,938.938.4539127349854:root:140736346809280:INFO:3120:Parse JSON: 7.486343383789062e-05
2017-05-08 10:14:26,938.938.5499954223633:root:140736346809280:INFO:3120:Filtered tweet: 5.245208740234375e-06
2017-05-08 10:14:26,938.938.6579990386963:root:140736346809280:INFO:3120:Tweet accepted: raw_tweets:1:6617: key=None tweet_id=861615285157212161
2017-05-08 10:14:26,941.941.9100284576416:root:140736346809280:INFO:3120:Tweet Saved: 0.003164052963256836
2017-05-08 10:14:26,942.942.1000480651855:root:140736346809280:INFO:3120:Total elapsed time : 0.0037229061126708984
2017-05-08 10:14:26,942.942.317008972168:root:140736346809280:INFO:3120:Parse JSON: 0.00011396408081054688
2017-05-08 10:14:26,942.942.40403175354:root:140736346809280:INFO:3120:Filtered tweet: 4.76837158203125e-06
2017-05-08 10:14:26,942.942.486047744751:root:140736346809280:INFO:3120:Tweet accepted: raw_tweets:1:6618: key=None tweet_id=861615284972552192
2017-05-08 10:14:26,945.945.9850788116455:root:140736346809280:INFO:3120:Tweet Saved: 0.0034189224243164062
2017-05-08 10:14:26,946.946.1691379547119:root:140736346809280:INFO:3120:Total elapsed time : 0.003968000411987305
2017-05-08 10:14:26,949.949.2900371551514:root:140736346809280:INFO:3120:Parse JSON: 2.5033950805664062e-05
2017-05-08 10:14:26,949.949.3789672851562:root:140736346809280:ERROR:3120:ERRONIOUS TWEET: {'limit': {'track': 1, 'timestamp_ms': '1494260066924'}}
2017-05-08 10:14:26,951.951.0259628295898:root:140736346809280:INFO:3120:Parse JSON: 0.0001857280731201172
2017-05-08 10:14:26,951.951.1170387268066:root:140736346809280:INFO:3120:Filtered tweet: 4.76837158203125e-06
2017-05-08 10:14:26,951.951.1890411376953:root:140736346809280:INFO:3120:Tweet accepted: raw_tweets:1:6619: key=None tweet_id=861615285119463425
2017-05-08 10:14:26,954.954.5190334320068:root:140736346809280:INFO:3120:Tweet Saved: 0.0032541751861572266
2017-05-08 10:14:26,954.954.7240734100342:root:140736346809280:INFO:3120:Total elapsed time : 0.0038857460021972656
2017-05-08 10:14:27,123.123.40402603149414:root:140736346809280:INFO:3120:Parse JSON: 0.00022101402282714844
2017-05-08 10:14:27,123.123.55208396911621:root:140736346809280:INFO:3120:Filtered tweet: 6.9141387939453125e-06
2017-05-08 10:14:27,123.123.64912033081055:root:140736346809280:INFO:3120:Tweet accepted: raw_tweets:0:65280: key=None tweet_id=861615286163652608
2017-05-08 10:14:27,128.128.05700302124023:root:140736346809280:INFO:3120:Tweet Saved: 0.004311084747314453
2017-05-08 10:14:27,128.128.28993797302246:root:140736346809280:INFO:3120:Total elapsed time : 0.005117893218994141
2017-05-08 10:14:27,130.130.62191009521484:root:140736346809280:INFO:3120:Parse JSON: 0.00014591217041015625
2017-05-08 10:14:27,130.130.7368278503418:root:140736346809280:INFO:3120:Filtered tweet: 5.7220458984375e-06
2017-05-08 10:14:27,130.130.83600997924805:root:140736346809280:INFO:3120:Tweet accepted: raw_tweets:1:6620: key=None tweet_id=861615285308149760
2017-05-08 10:14:27,134.134.31811332702637:root:140736346809280:INFO:3120:Tweet Saved: 0.0033919811248779297
2017-05-08 10:14:27,134.134.4890594482422:root:140736346809280:INFO:3120:Total elapsed time : 0.004019021987915039
2017-05-08 10:14:27,134.134.66119766235352:root:140736346809280:INFO:3120:Parse JSON: 7.390975952148438e-05
2017-05-08 10:14:27,134.134.74512100219727:root:140736346809280:INFO:3120:Filtered tweet: 4.76837158203125e-06
2017-05-08 10:14:27,134.134.81712341308594:root:140736346809280:INFO:3120:Tweet accepted: raw_tweets:1:6621: key=None tweet_id=861615285173878785
2017-05-08 10:14:27,137.137.7580165863037:root:140736346809280:INFO:3120:Tweet Saved: 0.002866983413696289
2017-05-08 10:14:27,137.137.9241943359375:root:140736346809280:INFO:3120:Total elapsed time : 0.0033369064331054688
2017-05-08 10:14:27,138.138.35597038269043:root:140736346809280:INFO:3120:Parse JSON: 0.00033402442932128906
2017-05-08 10:14:27,138.138.61894607543945:root:140736346809280:INFO:3120:Parse JSON: 0.0001659393310546875
2017-05-08 10:14:27,138.138.7031078338623:root:140736346809280:INFO:3120:Filtered tweet: 3.814697265625e-06
2017-05-08 10:14:27,138.138.77511024475098:root:140736346809280:INFO:3120:Tweet accepted: raw_tweets:1:6623: key=None tweet_id=861615285933146113
2017-05-08 10:14:27,141.141.75701141357422:root:140736346809280:INFO:3120:Tweet Saved: 0.0029048919677734375
2017-05-08 10:14:27,141.141.9661045074463:root:140736346809280:INFO:3120:Total elapsed time : 0.003512859344482422
2017-05-08 10:14:27,142.142.21501350402832:root:140736346809280:INFO:3120:Parse JSON: 0.00015211105346679688
2017-05-08 10:14:27,142.142.29512214660645:root:140736346809280:INFO:3120:Filtered tweet: 5.7220458984375e-06
2017-05-08 10:14:27,142.142.36116409301758:root:140736346809280:INFO:3120:Tweet accepted: raw_tweets:1:6624: key=None tweet_id=861615285928906754
2017-05-08 10:14:27,145.145.60317993164062:root:140736346809280:INFO:3120:Tweet Saved: 0.003171205520629883
2017-05-08 10:14:27,145.145.78008651733398:root:140736346809280:INFO:3120:Total elapsed time : 0.003718137741088867
2017-05-08 10:14:27,233.233.90889167785645:root:140736346809280:INFO:3120:Parse JSON: 0.0003540515899658203
2017-05-08 10:14:27,234.234.06100273132324:root:140736346809280:INFO:3120:Filtered tweet: 6.9141387939453125e-06
2017-05-08 10:14:27,234.234.1601848602295:root:140736346809280:INFO:3120:Tweet accepted: raw_tweets:0:65281: key=None tweet_id=861615285824081925
2017-05-08 10:14:27,238.238.3720874786377:root:140736346809280:INFO:3120:Tweet Saved: 0.004113912582397461
2017-05-08 10:14:27,238.238.59882354736328:root:140736346809280:INFO:3120:Total elapsed time : 0.005054950714111328
2017-05-08 10:14:27,240.240.0989532470703:root:140736346809280:INFO:3120:Parse JSON: 0.00031495094299316406
2017-05-08 10:14:27,240.240.22603034973145:root:140736346809280:INFO:3120:Filtered tweet: 6.9141387939453125e-06
2017-05-08 10:14:27,240.240.325927734375:root:140736346809280:INFO:3120:Tweet accepted: raw_tweets:1:6625: key=None tweet_id=861615286704717825
2017-05-08 10:14:27,244.244.81797218322754:root:140736346809280:INFO:3120:Tweet Saved: 0.004242897033691406
2017-05-08 10:14:27,245.245.09215354919434:root:140736346809280:INFO:3120:Total elapsed time : 0.0053141117095947266
2017-05-08 10:14:27,270.270.54595947265625:root:140736346809280:INFO:3120:Parse JSON: 0.00019216537475585938
2017-05-08 10:14:27,270.270.66493034362793:root:140736346809280:INFO:3120:Filtered tweet: 5.0067901611328125e-06
2017-05-08 10:14:27,270.270.737886428833:root:140736346809280:INFO:3120:Tweet accepted: raw_tweets:0:65282: key=None tweet_id=861615285912076290
2017-05-08 10:14:27,274.274.2490768432617:root:140736346809280:INFO:3120:Tweet Saved: 0.003437042236328125
2017-05-08 10:14:27,274.274.43408966064453:root:140736346809280:INFO:3120:Total elapsed time : 0.004091978073120117
2017-05-08 10:14:27,275.275.5770683288574:root:140736346809280:INFO:3120:Parse JSON: 0.0001480579376220703
2017-05-08 10:14:27,276.276.46684646606445:root:140736346809280:INFO:3120:Parse JSON: 9.703636169433594e-05
2017-05-08 10:14:27,276.276.5519618988037:root:140736346809280:INFO:3120:Filtered tweet: 4.291534423828125e-06
2017-05-08 10:14:27,276.276.62205696105957:root:140736346809280:INFO:3120:Tweet accepted: raw_tweets:0:65283: key=None tweet_id=861615286880882688
2017-05-08 10:14:27,279.279.39295768737793:root:140736346809280:INFO:3120:Tweet Saved: 0.0027017593383789062
2017-05-08 10:14:27,279.279.54697608947754:root:140736346809280:INFO:3120:Total elapsed time : 0.0031790733337402344
2017-05-08 10:14:27,292.292.496919631958:root:140736346809280:INFO:3120:Parse JSON: 0.0001461505889892578
2017-05-08 10:14:27,292.292.61302947998047:root:140736346809280:INFO:3120:Filtered tweet: 5.9604644775390625e-06
2017-05-08 10:14:27,292.292.6928997039795:root:140736346809280:INFO:3120:Tweet accepted: raw_tweets:1:6627: key=None tweet_id=861615286520348672
2017-05-08 10:14:27,296.296.5350151062012:root:140736346809280:INFO:3120:Tweet Saved: 0.003760814666748047
2017-05-08 10:14:27,296.296.7400550842285:root:140736346809280:INFO:3120:Total elapsed time : 0.004396915435791016
2017-05-08 10:14:27,297.297.79505729675293:root:140736346809280:INFO:3120:Parse JSON: 0.00012183189392089844
2017-05-08 10:14:27,297.297.88708686828613:root:140736346809280:INFO:3120:Filtered tweet: 6.198883056640625e-06
2017-05-08 10:14:27,297.297.9600429534912:root:140736346809280:INFO:3120:Tweet accepted: raw_tweets:0:65284: key=None tweet_id=861615286604181504
2017-05-08 10:14:27,301.301.14293098449707:root:140736346809280:INFO:3120:Tweet Saved: 0.003083944320678711
2017-05-08 10:14:27,301.301.3041019439697:root:140736346809280:INFO:3120:Total elapsed time : 0.003632783889770508
2017-05-08 10:14:27,384.384.1269016265869:root:140736346809280:INFO:3120:Parse JSON: 9.894371032714844e-05
2017-05-08 10:14:27,384.384.3669891357422:root:140736346809280:INFO:3120:Filtered tweet: 9.059906005859375e-06
2017-05-08 10:14:27,384.384.4878673553467:root:140736346809280:INFO:3120:Tweet accepted: raw_tweets:1:6628: key=None tweet_id=861615286503473152
2017-05-08 10:14:27,389.389.10603523254395:root:140736346809280:INFO:3120:Tweet Saved: 0.00450897216796875
2017-05-08 10:14:27,389.389.33801651000977:root:140736346809280:INFO:3120:Total elapsed time : 0.005327939987182617
2017-05-08 10:14:27,390.390.7928466796875:root:140736346809280:INFO:3120:Parse JSON: 0.00015616416931152344
2017-05-08 10:14:27,390.390.98501205444336:root:140736346809280:INFO:3120:Filtered tweet: 1.0013580322265625e-05
2017-05-08 10:14:27,391.391.0961151123047:root:140736346809280:INFO:3120:Tweet accepted: raw_tweets:0:65285: key=None tweet_id=861615286784360448
2017-05-08 10:14:27,395.395.31803131103516:root:140736346809280:INFO:3120:Tweet Saved: 0.004115104675292969
2017-05-08 10:14:27,395.395.5409526824951:root:140736346809280:INFO:3120:Total elapsed time : 0.004909992218017578
2017-05-08 10:14:27,395.395.74193954467773:root:140736346809280:INFO:3120:Parse JSON: 8.702278137207031e-05
2017-05-08 10:14:27,395.395.83492279052734:root:140736346809280:INFO:3120:Filtered tweet: 5.9604644775390625e-06
2017-05-08 10:14:27,395.395.920991897583:root:140736346809280:INFO:3120:Tweet accepted: raw_tweets:0:65286: key=None tweet_id=861615286130286592
2017-05-08 10:14:27,399.399.2760181427002:root:140736346809280:INFO:3120:Tweet Saved: 0.003278017044067383
2017-05-08 10:14:27,399.399.4410037994385:root:140736346809280:INFO:3120:Total elapsed time : 0.0037889480590820312
2017-05-08 10:14:27,417.417.9058074951172:root:140736346809280:INFO:3120:Parse JSON: 0.00011110305786132812
2017-05-08 10:14:27,418.418.0290699005127:root:140736346809280:INFO:3120:Filtered tweet: 5.9604644775390625e-06
2017-05-08 10:14:27,418.418.1079864501953:root:140736346809280:INFO:3120:Tweet accepted: raw_tweets:1:6629: key=None tweet_id=861615287111753728
2017-05-08 10:14:27,421.421.75793647766113:root:140736346809280:INFO:3120:Tweet Saved: 0.0035719871520996094
2017-05-08 10:14:27,421.421.94294929504395:root:140736346809280:INFO:3120:Total elapsed time : 0.004156827926635742
2017-05-08 10:14:27,472.472.69701957702637:root:140736346809280:INFO:3120:Parse JSON: 0.00019693374633789062
2017-05-08 10:14:27,477.477.54597663879395:root:140736346809280:INFO:3120:Parse JSON: 0.00011801719665527344
2017-05-08 10:14:27,477.477.6790142059326:root:140736346809280:INFO:3120:Filtered tweet: 6.9141387939453125e-06
2017-05-08 10:14:27,477.477.7500629425049:root:140736346809280:INFO:3120:Tweet accepted: raw_tweets:1:6630: key=None tweet_id=861615287556333568
2017-05-08 10:14:27,481.481.4190864562988:root:140736346809280:INFO:3120:Tweet Saved: 0.0035851001739501953
2017-05-08 10:14:27,481.481.6429615020752:root:140736346809280:INFO:3120:Total elapsed time : 0.0042269229888916016
2017-05-08 10:14:27,504.504.26793098449707:root:140736346809280:INFO:3120:Parse JSON: 0.00031113624572753906
2017-05-08 10:14:27,504.504.39977645874023:root:140736346809280:INFO:3120:Filtered tweet: 5.9604644775390625e-06
2017-05-08 10:14:27,504.504.4741630554199:root:140736346809280:INFO:3120:Tweet accepted: raw_tweets:0:65288: key=None tweet_id=861615287359111168
2017-05-08 10:14:27,508.508.9399814605713:root:140736346809280:INFO:3120:Tweet Saved: 0.004377126693725586
2017-05-08 10:14:27,509.509.1578960418701:root:140736346809280:INFO:3120:Total elapsed time : 0.0052149295806884766
2017-05-08 10:14:27,510.510.498046875:root:140736346809280:INFO:3120:Parse JSON: 0.00011706352233886719
2017-05-08 10:14:27,510.510.5898380279541:root:140736346809280:INFO:3120:Filtered tweet: 5.245208740234375e-06
2017-05-08 10:14:27,510.510.6790065765381:root:140736346809280:INFO:3120:Tweet accepted: raw_tweets:1:6631: key=None tweet_id=861615287174664197
2017-05-08 10:14:27,513.513.9119625091553:root:140736346809280:INFO:3120:Tweet Saved: 0.0031571388244628906
2017-05-08 10:14:27,514.514.1010284423828:root:140736346809280:INFO:3120:Total elapsed time : 0.0037229061126708984
2017-05-08 10:14:27,561.561.4299774169922:root:140736346809280:INFO:3120:Parse JSON: 8.988380432128906e-05
2017-05-08 10:14:27,561.561.5739822387695:root:140736346809280:INFO:3120:Filtered tweet: 5.9604644775390625e-06
2017-05-08 10:14:27,561.561.6629123687744:root:140736346809280:INFO:3120:Tweet accepted: raw_tweets:0:65289: key=None tweet_id=861615287799566336
2017-05-08 10:14:27,565.565.6900405883789:root:140736346809280:INFO:3120:Tweet Saved: 0.0039370059967041016
2017-05-08 10:14:27,565.565.9089088439941:root:140736346809280:INFO:3120:Total elapsed time : 0.004584074020385742
2017-05-08 10:14:27,566.566.9419765472412:root:140736346809280:INFO:3120:Parse JSON: 7.987022399902344e-05
2017-05-08 10:14:27,649.649.0051746368408:root:140736346809280:INFO:3120:Parse JSON: 8.606910705566406e-05
2017-05-08 10:14:27,649.649.1580009460449:root:140736346809280:INFO:3120:Filtered tweet: 7.152557373046875e-06
2017-05-08 10:14:27,649.649.2609977722168:root:140736346809280:INFO:3120:Tweet accepted: raw_tweets:0:65290: key=None tweet_id=861615287816384512
2017-05-08 10:14:27,653.653.5820960998535:root:140736346809280:INFO:3120:Tweet Saved: 0.0042209625244140625
2017-05-08 10:14:27,653.653.8071632385254:root:140736346809280:INFO:3120:Total elapsed time : 0.00490117073059082
2017-05-08 10:14:27,655.655.6220054626465:root:140736346809280:INFO:3120:Parse JSON: 0.00020194053649902344
2017-05-08 10:14:27,655.655.8849811553955:root:140736346809280:INFO:3120:Parse JSON: 0.00013113021850585938
2017-05-08 10:14:27,655.655.9858322143555:root:140736346809280:INFO:3120:Filtered tweet: 4.76837158203125e-06
2017-05-08 10:14:27,656.656.0728549957275:root:140736346809280:INFO:3120:Tweet accepted: raw_tweets:1:6634: key=None tweet_id=861615287916875776
2017-05-08 10:14:27,659.659.9080562591553:root:140736346809280:INFO:3120:Tweet Saved: 0.0037450790405273438
2017-05-08 10:14:27,660.660.128116607666:root:140736346809280:INFO:3120:Total elapsed time : 0.004374027252197266
2017-05-08 10:14:27,660.660.3670120239258:root:140736346809280:INFO:3120:Parse JSON: 0.00012803077697753906
2017-05-08 10:14:27,660.660.4549884796143:root:140736346809280:INFO:3120:Filtered tweet: 4.0531158447265625e-06
2017-05-08 10:14:27,660.660.5298519134521:root:140736346809280:INFO:3120:Tweet accepted: raw_tweets:1:6635: key=None tweet_id=861615288424452096
2017-05-08 10:14:27,663.663.5010242462158:root:140736346809280:INFO:3120:Tweet Saved: 0.002897977828979492
2017-05-08 10:14:27,663.663.6450290679932:root:140736346809280:INFO:3120:Total elapsed time : 0.0034101009368896484
2017-05-08 10:14:27,663.663.8669967651367:root:140736346809280:INFO:3120:Parse JSON: 8.58306884765625e-05
2017-05-08 10:14:27,663.663.9511585235596:root:140736346809280:INFO:3120:Filtered tweet: 5.0067901611328125e-06
2017-05-08 10:14:27,664.664.0200614929199:root:140736346809280:INFO:3120:Tweet accepted: raw_tweets:1:6636: key=None tweet_id=861615288059437057
2017-05-08 10:14:27,666.666.7881011962891:root:140736346809280:INFO:3120:Tweet Saved: 0.002699136734008789
2017-05-08 10:14:27,666.666.9349670410156:root:140736346809280:INFO:3120:Total elapsed time : 0.003156900405883789
2017-05-08 10:14:27,674.674.4649410247803:root:140736346809280:INFO:3120:Parse JSON: 0.00014209747314453125
2017-05-08 10:14:27,778.778.8619995117188:root:140736346809280:INFO:3120:Parse JSON: 0.0001323223114013672
2017-05-08 10:14:27,779.779.0358066558838:root:140736346809280:INFO:3120:Filtered tweet: 9.059906005859375e-06
2017-05-08 10:14:27,779.779.149055480957:root:140736346809280:INFO:3120:Tweet accepted: raw_tweets:1:6637: key=None tweet_id=861615288684511237
2017-05-08 10:14:27,783.783.5650444030762:root:140736346809280:INFO:3120:Tweet Saved: 0.004303932189941406
2017-05-08 10:14:27,783.783.8199138641357:root:140736346809280:INFO:3120:Total elapsed time : 0.005103111267089844
2017-05-08 10:14:27,785.785.8989238739014:root:140736346809280:INFO:3120:Parse JSON: 0.0002830028533935547
2017-05-08 10:14:27,786.786.2770557403564:root:140736346809280:INFO:3120:Parse JSON: 0.00023865699768066406
2017-05-08 10:14:27,786.786.4670753479004:root:140736346809280:INFO:3120:Parse JSON: 7.295608520507812e-05
2017-05-08 10:14:27,786.786.566972732544:root:140736346809280:INFO:3120:Filtered tweet: 5.7220458984375e-06
2017-05-08 10:14:27,786.786.6549491882324:root:140736346809280:INFO:3120:Tweet accepted: raw_tweets:0:65294: key=None tweet_id=861615288185434112
2017-05-08 10:14:27,790.790.8070087432861:root:140736346809280:INFO:3120:Tweet Saved: 0.004048824310302734
2017-05-08 10:14:27,791.791.0289764404297:root:140736346809280:INFO:3120:Total elapsed time : 0.0046367645263671875
2017-05-08 10:14:27,791.791.2750244140625:root:140736346809280:INFO:3120:Parse JSON: 0.0001342296600341797
2017-05-08 10:14:27,798.798.5479831695557:root:140736346809280:INFO:3120:Parse JSON: 0.00015497207641601562
2017-05-08 10:14:27,799.799.3800640106201:root:140736346809280:INFO:3120:Parse JSON: 6.198883056640625e-05
2017-05-08 10:14:27,799.799.4728088378906:root:140736346809280:INFO:3120:Filtered tweet: 4.0531158447265625e-06
2017-05-08 10:14:27,799.799.544095993042:root:140736346809280:INFO:3120:Tweet accepted: raw_tweets:0:65296: key=None tweet_id=861615288952864768
2017-05-08 10:14:27,802.802.8428554534912:root:140736346809280:INFO:3120:Tweet Saved: 0.0032279491424560547
2017-05-08 10:14:27,803.803.0650615692139:root:140736346809280:INFO:3120:Total elapsed time : 0.0037441253662109375
2017-05-08 10:14:27,873.873.1799125671387:root:140736346809280:INFO:3120:Parse JSON: 0.0002677440643310547
2017-05-08 10:14:27,873.873.3260631561279:root:140736346809280:INFO:3120:Filtered tweet: 7.152557373046875e-06
2017-05-08 10:14:27,873.873.420000076294:root:140736346809280:INFO:3120:Tweet accepted: raw_tweets:1:6639: key=None tweet_id=861615289162579968
2017-05-08 10:14:27,877.877.6099681854248:root:140736346809280:INFO:3120:Tweet Saved: 0.004094123840332031
2017-05-08 10:14:27,877.877.8359889984131:root:140736346809280:INFO:3120:Total elapsed time : 0.004934787750244141
2017-05-08 10:14:27,879.879.709005355835:root:140736346809280:INFO:3120:Parse JSON: 0.00040912628173828125
2017-05-08 10:14:27,879.879.8270225524902:root:140736346809280:INFO:3120:Filtered tweet: 6.9141387939453125e-06
2017-05-08 10:14:27,879.879.9159526824951:root:140736346809280:INFO:3120:Tweet accepted: raw_tweets:0:65297: key=None tweet_id=861615288969818113
2017-05-08 10:14:27,883.883.7199211120605:root:140736346809280:INFO:3120:Tweet Saved: 0.0037147998809814453
2017-05-08 10:14:27,883.883.918046951294:root:140736346809280:INFO:3120:Total elapsed time : 0.004621982574462891
2017-05-08 10:14:27,913.913.5739803314209:root:140736346809280:INFO:3120:Parse JSON: 0.00021791458129882812
2017-05-08 10:14:27,913.913.701057434082:root:140736346809280:INFO:3120:Filtered tweet: 4.76837158203125e-06
2017-05-08 10:14:27,913.913.7861728668213:root:140736346809280:INFO:3120:Tweet accepted: raw_tweets:1:6640: key=None tweet_id=861615289129197568
2017-05-08 10:14:27,917.917.4220561981201:root:140736346809280:INFO:3120:Tweet Saved: 0.0035550594329833984
2017-05-08 10:14:27,917.917.6111221313477:root:140736346809280:INFO:3120:Total elapsed time : 0.004266023635864258
2017-05-08 10:14:28,011.11.150121688842773:root:140736346809280:INFO:3120:Parse JSON: 0.00038123130798339844
2017-05-08 10:14:28,011.11.340141296386719:root:140736346809280:INFO:3120:Filtered tweet: 1.0251998901367188e-05
2017-05-08 10:14:28,011.11.628150939941406:root:140736346809280:INFO:3120:Tweet accepted: raw_tweets:0:65298: key=None tweet_id=861615289577951232
2017-05-08 10:14:28,016.16.278982162475586:root:140736346809280:INFO:3120:Tweet Saved: 0.004540920257568359
2017-05-08 10:14:28,016.16.499042510986328:root:140736346809280:INFO:3120:Total elapsed time : 0.005752086639404297
2017-05-08 10:14:28,018.18.625974655151367:root:140736346809280:INFO:3120:Parse JSON: 0.00035881996154785156
2017-05-08 10:14:28,018.18.74995231628418:root:140736346809280:INFO:3120:Filtered tweet: 6.198883056640625e-06
2017-05-08 10:14:28,018.18.84293556213379:root:140736346809280:INFO:3120:Tweet accepted: raw_tweets:1:6641: key=None tweet_id=861615288365744128
2017-05-08 10:14:28,022.22.543907165527344:root:140736346809280:INFO:3120:Tweet Saved: 0.0036079883575439453
2017-05-08 10:14:28,022.22.74298667907715:root:140736346809280:INFO:3120:Total elapsed time : 0.004480838775634766
2017-05-08 10:14:28,023.23.03600311279297:root:140736346809280:INFO:3120:Parse JSON: 0.00017690658569335938
2017-05-08 10:14:28,023.23.13709259033203:root:140736346809280:INFO:3120:Filtered tweet: 5.245208740234375e-06
2017-05-08 10:14:28,023.23.222923278808594:root:140736346809280:INFO:3120:Tweet accepted: raw_tweets:1:6642: key=None tweet_id=861615289431191552
2017-05-08 10:14:28,026.26.83115005493164:root:140736346809280:INFO:3120:Tweet Saved: 0.003511667251586914
2017-05-08 10:14:28,027.27.021169662475586:root:140736346809280:INFO:3120:Total elapsed time : 0.004167079925537109
2017-05-08 10:14:28,027.27.22787857055664:root:140736346809280:INFO:3120:Parse JSON: 0.00010919570922851562
2017-05-08 10:14:28,027.27.312040328979492:root:140736346809280:INFO:3120:Filtered tweet: 5.245208740234375e-06
2017-05-08 10:14:28,027.27.384042739868164:root:140736346809280:INFO:3120:Tweet accepted: raw_tweets:1:6643: key=None tweet_id=861615289749909508
2017-05-08 10:14:28,030.30.292987823486328:root:140736346809280:INFO:3120:Tweet Saved: 0.002833843231201172
2017-05-08 10:14:28,030.30.452966690063477:root:140736346809280:INFO:3120:Total elapsed time : 0.0033330917358398438
2017-05-08 10:14:28,067.67.65484809875488:root:140736346809280:INFO:3120:Parse JSON: 0.0002460479736328125
2017-05-08 10:14:28,067.67.80695915222168:root:140736346809280:INFO:3120:Filtered tweet: 5.7220458984375e-06
2017-05-08 10:14:28,067.67.90709495544434:root:140736346809280:INFO:3120:Tweet accepted: raw_tweets:0:65299: key=None tweet_id=861615289921753090
2017-05-08 10:14:28,072.72.83711433410645:root:140736346809280:INFO:3120:Tweet Saved: 0.004829883575439453
2017-05-08 10:14:28,073.73.06289672851562:root:140736346809280:INFO:3120:Total elapsed time : 0.005665779113769531
2017-05-08 10:14:28,077.77.6519775390625:root:140736346809280:INFO:3120:Parse JSON: 7.390975952148438e-05
2017-05-08 10:14:28,088.88.83094787597656:root:140736346809280:INFO:3120:Parse JSON: 0.0001900196075439453
2017-05-08 10:14:28,156.156.49795532226562:root:140736346809280:INFO:3120:Parse JSON: 0.0001761913299560547
2017-05-08 10:14:28,156.156.66794776916504:root:140736346809280:INFO:3120:Filtered tweet: 8.344650268554688e-06
2017-05-08 10:14:28,156.156.78095817565918:root:140736346809280:INFO:3120:Tweet accepted: raw_tweets:1:6645: key=None tweet_id=861615290219626496
2017-05-08 10:14:28,161.161.1781120300293:root:140736346809280:INFO:3120:Tweet Saved: 0.0042879581451416016
2017-05-08 10:14:28,161.161.40103340148926:root:140736346809280:INFO:3120:Total elapsed time : 0.0050961971282958984
2017-05-08 10:14:28,179.179.43096160888672:root:140736346809280:INFO:3120:Parse JSON: 0.00018906593322753906
2017-05-08 10:14:28,179.179.5351505279541:root:140736346809280:INFO:3120:Filtered tweet: 5.0067901611328125e-06
2017-05-08 10:14:28,179.179.6128749847412:root:140736346809280:INFO:3120:Tweet accepted: raw_tweets:0:65301: key=None tweet_id=861615290265645056
2017-05-08 10:14:28,182.182.81793594360352:root:140736346809280:INFO:3120:Tweet Saved: 0.0031290054321289062
2017-05-08 10:14:28,182.182.98697471618652:root:140736346809280:INFO:3120:Total elapsed time : 0.0037508010864257812
2017-05-08 10:14:28,231.231.75406455993652:root:140736346809280:INFO:3120:Parse JSON: 0.00014710426330566406
2017-05-08 10:14:28,232.232.82790184020996:root:140736346809280:INFO:3120:Parse JSON: 0.00010228157043457031
2017-05-08 10:14:28,238.238.63601684570312:root:140736346809280:INFO:3120:Parse JSON: 0.0002110004425048828
2017-05-08 10:14:28,319.319.4739818572998:root:140736346809280:INFO:3120:Parse JSON: 8.893013000488281e-05
2017-05-08 10:14:28,319.319.6101188659668:root:140736346809280:INFO:3120:Filtered tweet: 5.9604644775390625e-06
2017-05-08 10:14:28,319.319.80013847351074:root:140736346809280:INFO:3120:Tweet accepted: raw_tweets:0:65303: key=None tweet_id=861615291066961920
2017-05-08 10:14:28,323.323.6069679260254:root:140736346809280:INFO:3120:Tweet Saved: 0.003718852996826172
2017-05-08 10:14:28,323.323.81319999694824:root:140736346809280:INFO:3120:Total elapsed time : 0.004441738128662109
2017-05-08 10:14:28,360.360.7637882232666:root:140736346809280:INFO:3120:Parse JSON: 0.0003876686096191406
2017-05-08 10:14:28,360.360.92686653137207:root:140736346809280:INFO:3120:Filtered tweet: 6.9141387939453125e-06
2017-05-08 10:14:28,361.361.02986335754395:root:140736346809280:INFO:3120:Tweet accepted: raw_tweets:1:6648: key=None tweet_id=861615289611550721
2017-05-08 10:14:28,364.364.72201347351074:root:140736346809280:INFO:3120:Tweet Saved: 0.003604888916015625
2017-05-08 10:14:28,364.364.9160861968994:root:140736346809280:INFO:3120:Total elapsed time : 0.004555940628051758
2017-05-08 10:14:28,366.366.1940097808838:root:140736346809280:INFO:3120:Parse JSON: 0.00024199485778808594
2017-05-08 10:14:28,366.366.2898540496826:root:140736346809280:INFO:3120:Filtered tweet: 6.198883056640625e-06
2017-05-08 10:14:28,366.366.3620948791504:root:140736346809280:INFO:3120:Tweet accepted: raw_tweets:0:65304: key=None tweet_id=861615289892524036
2017-05-08 10:14:28,369.369.18187141418457:root:140736346809280:INFO:3120:Tweet Saved: 0.002746105194091797
2017-05-08 10:14:28,369.369.34900283813477:root:140736346809280:INFO:3120:Total elapsed time : 0.003401041030883789
2017-05-08 10:14:28,550.550.4410266876221:root:140736346809280:INFO:3120:Parse JSON: 7.700920104980469e-05
2017-05-08 10:14:28,550.550.5640506744385:root:140736346809280:INFO:3120:Filtered tweet: 5.7220458984375e-06
2017-05-08 10:14:28,550.550.6408214569092:root:140736346809280:INFO:3120:Tweet accepted: raw_tweets:1:6649: key=None tweet_id=861615292073594880
2017-05-08 10:14:28,554.554.2950630187988:root:140736346809280:INFO:3120:Tweet Saved: 0.0035707950592041016
2017-05-08 10:14:28,554.554.5060634613037:root:140736346809280:INFO:3120:Total elapsed time : 0.004155158996582031
2017-05-08 10:14:28,555.555.5341243743896:root:140736346809280:INFO:3120:Parse JSON: 0.00010895729064941406
2017-05-08 10:14:28,567.567.9171085357666:root:140736346809280:INFO:3120:Parse JSON: 0.0001621246337890625
2017-05-08 10:14:28,568.568.0429935455322:root:140736346809280:INFO:3120:Filtered tweet: 4.76837158203125e-06
2017-05-08 10:14:28,568.568.1159496307373:root:140736346809280:INFO:3120:Tweet accepted: raw_tweets:1:6650: key=None tweet_id=861615292115558406
2017-05-08 10:14:28,571.571.678876876831:root:140736346809280:INFO:3120:Tweet Saved: 0.003481149673461914
2017-05-08 10:14:28,571.571.8939304351807:root:140736346809280:INFO:3120:Total elapsed time : 0.0041539669036865234
2017-05-08 10:14:28,615.615.3740882873535:root:140736346809280:INFO:3120:Parse JSON: 0.00012803077697753906
2017-05-08 10:14:28,616.616.2469387054443:root:140736346809280:INFO:3120:Parse JSON: 6.389617919921875e-05
2017-05-08 10:14:28,643.643.4979438781738:root:140736346809280:INFO:3120:Parse JSON: 0.0002522468566894531
2017-05-08 10:14:28,645.645.2560424804688:root:140736346809280:INFO:3120:Parse JSON: 0.000324249267578125
2017-05-08 10:14:28,710.710.6189727783203:root:140736346809280:INFO:3120:Parse JSON: 0.00013494491577148438
2017-05-08 10:14:28,710.710.7529640197754:root:140736346809280:INFO:3120:Filtered tweet: 4.76837158203125e-06
2017-05-08 10:14:28,710.710.8299732208252:root:140736346809280:INFO:3120:Tweet accepted: raw_tweets:0:65308: key=None tweet_id=861615291784200193
2017-05-08 10:14:28,715.715.3310775756836:root:140736346809280:INFO:3120:Tweet Saved: 0.004417896270751953
2017-05-08 10:14:28,715.715.5478000640869:root:140736346809280:INFO:3120:Total elapsed time : 0.00507807731628418
2017-05-08 10:14:28,794.794.8439121246338:root:140736346809280:INFO:3120:Parse JSON: 0.0002009868621826172
2017-05-08 10:14:28,796.796.550989151001:root:140736346809280:INFO:3120:Parse JSON: 0.0002510547637939453
2017-05-08 10:14:28,796.796.6861724853516:root:140736346809280:INFO:3120:Filtered tweet: 7.152557373046875e-06
2017-05-08 10:14:28,796.796.7779636383057:root:140736346809280:INFO:3120:Tweet accepted: raw_tweets:0:65309: key=None tweet_id=861615292962746368
2017-05-08 10:14:28,800.800.8220195770264:root:140736346809280:INFO:3120:Tweet Saved: 0.003948688507080078
2017-05-08 10:14:28,801.801.0430335998535:root:140736346809280:INFO:3120:Total elapsed time : 0.0047490596771240234
2017-05-08 10:14:28,824.824.9320983886719:root:140736346809280:INFO:3120:Parse JSON: 0.00010085105895996094
2017-05-08 10:14:28,825.825.0570297241211:root:140736346809280:INFO:3120:Filtered tweet: 5.9604644775390625e-06
2017-05-08 10:14:28,825.825.1309394836426:root:140736346809280:INFO:3120:Tweet accepted: raw_tweets:1:6654: key=None tweet_id=861615293113782273
2017-05-08 10:14:28,828.828.6569118499756:root:140736346809280:INFO:3120:Tweet Saved: 0.0034470558166503906
2017-05-08 10:14:28,828.828.8791179656982:root:140736346809280:INFO:3120:Total elapsed time : 0.004051923751831055
2017-05-08 10:14:28,829.829.9798965454102:root:140736346809280:INFO:3120:Parse JSON: 0.000102996826171875
2017-05-08 10:14:28,830.830.0778865814209:root:140736346809280:INFO:3120:Filtered tweet: 5.245208740234375e-06
2017-05-08 10:14:28,830.830.1498889923096:root:140736346809280:INFO:3120:Tweet accepted: raw_tweets:0:65310: key=None tweet_id=861615293415661568
2017-05-08 10:14:28,833.833.143949508667:root:140736346809280:INFO:3120:Tweet Saved: 0.0029222965240478516
2017-05-08 10:14:28,833.833.306074142456:root:140736346809280:INFO:3120:Total elapsed time : 0.003431081771850586
2017-05-08 10:14:28,845.845.4580307006836:root:140736346809280:INFO:3120:Parse JSON: 0.00021696090698242188
2017-05-08 10:14:28,846.846.6041088104248:root:140736346809280:INFO:3120:Parse JSON: 0.00019407272338867188
2017-05-08 10:14:28,846.846.714973449707:root:140736346809280:INFO:3120:Filtered tweet: 4.76837158203125e-06
2017-05-08 10:14:28,846.846.8210697174072:root:140736346809280:INFO:3120:Tweet accepted: raw_tweets:0:65311: key=None tweet_id=861615293109592064
2017-05-08 10:14:28,850.850.8830070495605:root:140736346809280:INFO:3120:Tweet Saved: 0.003932952880859375
2017-05-08 10:14:28,851.851.0708808898926:root:140736346809280:INFO:3120:Total elapsed time : 0.004669189453125
2017-05-08 10:14:28,852.852.1080017089844:root:140736346809280:INFO:3120:Parse JSON: 0.00013971328735351562
2017-05-08 10:14:28,852.852.1950244903564:root:140736346809280:INFO:3120:Filtered tweet: 5.9604644775390625e-06
2017-05-08 10:14:28,852.852.2639274597168:root:140736346809280:INFO:3120:Tweet accepted: raw_tweets:1:6656: key=None tweet_id=861615293616988160
2017-05-08 10:14:28,855.855.1239967346191:root:140736346809280:INFO:3120:Tweet Saved: 0.002789020538330078
2017-05-08 10:14:28,855.855.2818298339844:root:140736346809280:INFO:3120:Total elapsed time : 0.0033159255981445312
2017-05-08 10:14:28,876.876.0278224945068:root:140736346809280:INFO:3120:Parse JSON: 7.200241088867188e-05
2017-05-08 10:14:28,876.876.147985458374:root:140736346809280:INFO:3120:Filtered tweet: 5.9604644775390625e-06
2017-05-08 10:14:28,876.876.2187957763672:root:140736346809280:INFO:3120:Tweet accepted: raw_tweets:0:65312: key=None tweet_id=861615293109547009
2017-05-08 10:14:28,879.879.608154296875:root:140736346809280:INFO:3120:Tweet Saved: 0.0033159255981445312
2017-05-08 10:14:28,879.879.7879219055176:root:140736346809280:INFO:3120:Total elapsed time : 0.0038428306579589844
2017-05-08 10:14:28,880.880.9139728546143:root:140736346809280:INFO:3120:Parse JSON: 0.00017714500427246094
2017-05-08 10:14:28,880.880.9988498687744:root:140736346809280:INFO:3120:Filtered tweet: 4.0531158447265625e-06
2017-05-08 10:14:28,881.881.0679912567139:root:140736346809280:INFO:3120:Tweet accepted: raw_tweets:1:6657: key=None tweet_id=861615292291702784
2017-05-08 10:14:28,883.883.97216796875:root:140736346809280:INFO:3120:Tweet Saved: 0.002814769744873047
2017-05-08 10:14:28,884.884.1331005096436:root:140736346809280:INFO:3120:Total elapsed time : 0.0033969879150390625
2017-05-08 10:14:28,931.931.926965713501:root:140736346809280:INFO:3120:Parse JSON: 0.0001571178436279297
2017-05-08 10:14:28,932.932.1000576019287:root:140736346809280:INFO:3120:Filtered tweet: 6.9141387939453125e-06
2017-05-08 10:14:28,932.932.2130680084229:root:140736346809280:INFO:3120:Tweet accepted: raw_tweets:0:65313: key=None tweet_id=861615293960921089
2017-05-08 10:14:28,936.936.8681907653809:root:140736346809280:INFO:3120:Tweet Saved: 0.004544973373413086
2017-05-08 10:14:28,937.937.0889663696289:root:140736346809280:INFO:3120:Total elapsed time : 0.00533604621887207
2017-05-08 10:14:28,976.976.4399528503418:root:140736346809280:INFO:3120:Parse JSON: 0.00013017654418945312
2017-05-08 10:14:28,981.981.3799858093262:root:140736346809280:INFO:3120:Parse JSON: 9.822845458984375e-05
2017-05-08 10:14:28,981.981.4999103546143:root:140736346809280:INFO:3120:Filtered tweet: 5.9604644775390625e-06
2017-05-08 10:14:28,981.981.5731048583984:root:140736346809280:INFO:3120:Tweet accepted: raw_tweets:0:65314: key=None tweet_id=861615292694355972
2017-05-08 10:14:28,984.984.9741458892822:root:140736346809280:INFO:3120:Tweet Saved: 0.003328084945678711
2017-05-08 10:14:28,985.985.1551055908203:root:140736346809280:INFO:3120:Total elapsed time : 0.0038852691650390625
2017-05-08 10:14:29,102.102.1580696105957:root:140736346809280:INFO:3120:Parse JSON: 0.00012803077697753906
2017-05-08 10:14:29,102.102.32090950012207:root:140736346809280:INFO:3120:Filtered tweet: 1.7881393432617188e-05
2017-05-08 10:14:29,102.102.43606567382812:root:140736346809280:INFO:3120:Tweet accepted: raw_tweets:1:6659: key=None tweet_id=861615294363643905
2017-05-08 10:14:29,107.107.22208023071289:root:140736346809280:INFO:3120:Tweet Saved: 0.004675865173339844
2017-05-08 10:14:29,107.107.44190216064453:root:140736346809280:INFO:3120:Total elapsed time : 0.005421876907348633
2017-05-08 10:14:29,108.108.92796516418457:root:140736346809280:INFO:3120:Parse JSON: 0.00020194053649902344
2017-05-08 10:14:29,109.109.02094841003418:root:140736346809280:INFO:3120:Filtered tweet: 5.0067901611328125e-06
2017-05-08 10:14:29,109.109.15899276733398:root:140736346809280:INFO:3120:Tweet accepted: raw_tweets:0:65315: key=None tweet_id=861615293730349057
2017-05-08 10:14:29,112.112.16092109680176:root:140736346809280:INFO:3120:Tweet Saved: 0.0029098987579345703
2017-05-08 10:14:29,112.112.32399940490723:root:140736346809280:INFO:3120:Total elapsed time : 0.0035986900329589844
2017-05-08 10:14:29,112.112.56599426269531:root:140736346809280:INFO:3120:Parse JSON: 0.00014710426330566406
2017-05-08 10:14:29,123.123.84700775146484:root:140736346809280:INFO:3120:Parse JSON: 6.914138793945312e-05
2017-05-08 10:14:29,123.123.94499778747559:root:140736346809280:INFO:3120:Filtered tweet: 6.198883056640625e-06
2017-05-08 10:14:29,124.124.01509284973145:root:140736346809280:INFO:3120:Tweet accepted: raw_tweets:1:6660: key=None tweet_id=861615294023962624
2017-05-08 10:14:29,127.127.21109390258789:root:140736346809280:INFO:3120:Tweet Saved: 0.0031270980834960938
2017-05-08 10:14:29,127.127.38204002380371:root:140736346809280:INFO:3120:Total elapsed time : 0.003610849380493164
2017-05-08 10:14:29,128.128.45587730407715:root:140736346809280:INFO:3120:Parse JSON: 5.4836273193359375e-05
2017-05-08 10:14:29,128.128.7219524383545:root:140736346809280:INFO:3120:Parse JSON: 0.00017213821411132812
2017-05-08 10:14:29,217.217.99993515014648:root:140736346809280:INFO:3120:Parse JSON: 0.0002970695495605469
2017-05-08 10:14:29,218.218.19019317626953:root:140736346809280:INFO:3120:Filtered tweet: 7.867813110351562e-06
2017-05-08 10:14:29,218.218.3082103729248:root:140736346809280:INFO:3120:Tweet accepted: raw_tweets:1:6661: key=None tweet_id=861615294468546560
2017-05-08 10:14:29,222.222.71418571472168:root:140736346809280:INFO:3120:Tweet Saved: 0.004296064376831055
2017-05-08 10:14:29,222.222.93400764465332:root:140736346809280:INFO:3120:Total elapsed time : 0.005244016647338867
2017-05-08 10:14:29,224.224.3640422821045:root:140736346809280:INFO:3120:Parse JSON: 0.0002009868621826172
2017-05-08 10:14:29,224.224.47490692138672:root:140736346809280:INFO:3120:Filtered tweet: 5.9604644775390625e-06
2017-05-08 10:14:29,224.224.57599639892578:root:140736346809280:INFO:3120:Tweet accepted: raw_tweets:0:65319: key=None tweet_id=861615294787207168
2017-05-08 10:14:29,228.228.7139892578125:root:140736346809280:INFO:3120:Tweet Saved: 0.004033088684082031
2017-05-08 10:14:29,228.228.93118858337402:root:140736346809280:INFO:3120:Total elapsed time : 0.004770040512084961
2017-05-08 10:14:29,249.249.85599517822266:root:140736346809280:INFO:3120:Parse JSON: 0.00020074844360351562
2017-05-08 10:14:29,251.251.24192237854004:root:140736346809280:INFO:3120:Parse JSON: 0.00019288063049316406
2017-05-08 10:14:29,251.251.34587287902832:root:140736346809280:INFO:3120:Filtered tweet: 5.245208740234375e-06
2017-05-08 10:14:29,251.251.4188289642334:root:140736346809280:INFO:3120:Tweet accepted: raw_tweets:0:65320: key=None tweet_id=861615294116241408
2017-05-08 10:14:29,255.255.19490242004395:root:140736346809280:INFO:3120:Tweet Saved: 0.0037021636962890625
2017-05-08 10:14:29,255.255.37896156311035:root:140736346809280:INFO:3120:Total elapsed time : 0.004334926605224609
2017-05-08 10:14:29,255.255.57303428649902:root:140736346809280:INFO:3120:Parse JSON: 0.00010204315185546875
2017-05-08 10:14:29,255.255.65099716186523:root:140736346809280:INFO:3120:Filtered tweet: 4.76837158203125e-06
2017-05-08 10:14:29,255.255.71799278259277:root:140736346809280:INFO:3120:Tweet accepted: raw_tweets:0:65321: key=None tweet_id=861615295202336768
2017-05-08 10:14:29,258.258.65697860717773:root:140736346809280:INFO:3120:Tweet Saved: 0.0028710365295410156
2017-05-08 10:14:29,258.258.81099700927734:root:140736346809280:INFO:3120:Total elapsed time : 0.003340005874633789
2017-05-08 10:14:29,259.259.0458393096924:root:140736346809280:INFO:3120:Parse JSON: 0.0001442432403564453
2017-05-08 10:14:29,259.259.1249942779541:root:140736346809280:INFO:3120:Filtered tweet: 5.0067901611328125e-06
2017-05-08 10:14:29,259.259.19413566589355:root:140736346809280:INFO:3120:Tweet accepted: raw_tweets:0:65322: key=None tweet_id=861615295034789893
2017-05-08 10:14:29,261.261.95406913757324:root:140736346809280:INFO:3120:Tweet Saved: 0.0026879310607910156
2017-05-08 10:14:29,262.262.1150016784668:root:140736346809280:INFO:3120:Total elapsed time : 0.0032126903533935547
2017-05-08 10:14:29,285.285.53080558776855:root:140736346809280:INFO:3120:Parse JSON: 0.00010895729064941406
2017-05-08 10:14:29,285.285.65287590026855:root:140736346809280:INFO:3120:Filtered tweet: 6.198883056640625e-06
2017-05-08 10:14:29,285.285.7320308685303:root:140736346809280:INFO:3120:Tweet accepted: raw_tweets:1:6663: key=None tweet_id=861615294174773249
2017-05-08 10:14:29,289.289.2570495605469:root:140736346809280:INFO:3120:Tweet Saved: 0.003448009490966797
2017-05-08 10:14:29,289.289.43681716918945:root:140736346809280:INFO:3120:Total elapsed time : 0.004022121429443359
2017-05-08 10:14:29,400.400.54988861083984:root:140736346809280:INFO:3120:Parse JSON: 0.0001437664031982422
2017-05-08 10:14:29,400.400.6960391998291:root:140736346809280:INFO:3120:Filtered tweet: 6.198883056640625e-06
2017-05-08 10:14:29,400.400.7899761199951:root:140736346809280:INFO:3120:Tweet accepted: raw_tweets:0:65323: key=None tweet_id=861615295374348288
2017-05-08 10:14:29,405.405.0099849700928:root:140736346809280:INFO:3120:Tweet Saved: 0.004125356674194336
2017-05-08 10:14:29,405.405.25007247924805:root:140736346809280:INFO:3120:Total elapsed time : 0.004850864410400391
2017-05-08 10:14:29,406.406.40902519226074:root:140736346809280:INFO:3120:Parse JSON: 0.00012183189392089844
2017-05-08 10:14:29,435.435.3048801422119:root:140736346809280:INFO:3120:Parse JSON: 0.00011014938354492188
2017-05-08 10:14:29,435.435.427188873291:root:140736346809280:INFO:3120:Filtered tweet: 5.0067901611328125e-06
2017-05-08 10:14:29,435.435.5001449584961:root:140736346809280:INFO:3120:Tweet accepted: raw_tweets:0:65324: key=None tweet_id=861615295823323136
2017-05-08 10:14:29,439.439.15486335754395:root:140736346809280:INFO:3120:Tweet Saved: 0.0035669803619384766
2017-05-08 10:14:29,439.439.34011459350586:root:140736346809280:INFO:3120:Total elapsed time : 0.00415492057800293
2017-05-08 10:14:29,441.441.2500858306885:root:140736346809280:INFO:3120:Parse JSON: 0.000415802001953125
2017-05-08 10:14:29,441.441.40100479125977:root:140736346809280:INFO:3120:Filtered tweet: 2.5033950805664062e-05
2017-05-08 10:14:29,441.441.48993492126465:root:140736346809280:INFO:3120:Tweet accepted: raw_tweets:1:6665: key=None tweet_id=861615295437451268
2017-05-08 10:14:29,445.445.53089141845703:root:140736346809280:INFO:3120:Tweet Saved: 0.003961086273193359
2017-05-08 10:14:29,445.445.74999809265137:root:140736346809280:INFO:3120:Total elapsed time : 0.004911184310913086
2017-05-08 10:14:29,518.518.8601016998291:root:140736346809280:INFO:3120:Parse JSON: 0.00021791458129882812
2017-05-08 10:14:29,519.519.0219879150391:root:140736346809280:INFO:3120:Filtered tweet: 6.9141387939453125e-06
2017-05-08 10:14:29,519.519.1349983215332:root:140736346809280:INFO:3120:Tweet accepted: raw_tweets:0:65325: key=None tweet_id=861615295840038912
2017-05-08 10:14:29,523.523.270845413208:root:140736346809280:INFO:3120:Tweet Saved: 0.004029035568237305
2017-05-08 10:14:29,523.523.5099792480469:root:140736346809280:INFO:3120:Total elapsed time : 0.0048809051513671875
2017-05-08 10:14:29,525.525.6609916687012:root:140736346809280:INFO:3120:Parse JSON: 0.00014519691467285156
2017-05-08 10:14:29,525.525.7809162139893:root:140736346809280:INFO:3120:Filtered tweet: 5.0067901611328125e-06
2017-05-08 10:14:29,525.525.8748531341553:root:140736346809280:INFO:3120:Tweet accepted: raw_tweets:1:6666: key=None tweet_id=861615295617695745
2017-05-08 10:14:29,529.529.6461582183838:root:140736346809280:INFO:3120:Tweet Saved: 0.003676891326904297
2017-05-08 10:14:29,529.529.8459529876709:root:140736346809280:INFO:3120:Total elapsed time : 0.004334211349487305
2017-05-08 10:14:29,553.553.3230304718018:root:140736346809280:INFO:3120:Parse JSON: 0.00021123886108398438
2017-05-08 10:14:29,553.553.4489154815674:root:140736346809280:INFO:3120:Filtered tweet: 5.0067901611328125e-06
2017-05-08 10:14:29,553.553.5271167755127:root:140736346809280:INFO:3120:Tweet accepted: raw_tweets:0:65326: key=None tweet_id=861615295894626306
2017-05-08 10:14:29,557.557.2211742401123:root:140736346809280:INFO:3120:Tweet Saved: 0.003616809844970703
2017-05-08 10:14:29,557.557.4049949645996:root:140736346809280:INFO:3120:Total elapsed time : 0.004304170608520508
2017-05-08 10:14:29,558.558.4909915924072:root:140736346809280:INFO:3120:Parse JSON: 0.00016689300537109375
2017-05-08 10:14:29,558.558.5780143737793:root:140736346809280:INFO:3120:Filtered tweet: 5.0067901611328125e-06
2017-05-08 10:14:29,558.558.6490631103516:root:140736346809280:INFO:3120:Tweet accepted: raw_tweets:1:6667: key=None tweet_id=861615296276312064
2017-05-08 10:14:29,561.561.5768432617188:root:140736346809280:INFO:3120:Tweet Saved: 0.002850055694580078
2017-05-08 10:14:29,561.561.7721080780029:root:140736346809280:INFO:3120:Total elapsed time : 0.0034418106079101562
2017-05-08 10:14:30,064.64.50796127319336:root:140736346809280:INFO:3120:Parse JSON: 0.00016880035400390625
2017-05-08 10:14:30,064.64.70394134521484:root:140736346809280:INFO:3120:Filtered tweet: 7.867813110351562e-06
2017-05-08 10:14:30,064.64.81504440307617:root:140736346809280:INFO:3120:Tweet accepted: raw_tweets:1:6668: key=None tweet_id=861615296523587584
2017-05-08 10:14:30,069.69.70381736755371:root:140736346809280:INFO:3120:Tweet Saved: 0.0047817230224609375
2017-05-08 10:14:30,069.69.91410255432129:root:140736346809280:INFO:3120:Total elapsed time : 0.005594730377197266
2017-05-08 10:14:51,087.87.40091323852539:cassandra.cluster:123145333383168:WARNING:3120:Host 127.0.0.1 has been marked down
2017-05-08 10:14:52,133.133.64005088806152:cassandra.pool:123145354403840:INFO:3120:Successful reconnection to 127.0.0.1, marking node up if it isn't already
2017-05-08 10:14:52,133.133.89205932617188:cassandra.cluster:123145354403840:INFO:3120:Host 127.0.0.1 may be up; will prepare queries and open connection pool
Traceback (most recent call last):
  File "tweetparser.py", line 61, in <module>
    main(model.save_tweet)
  File "tweetparser.py", line 23, in main
    for message in consumer:
  File "/Users/admin/Projects/github/docker/eventparser/env/lib/python3.6/site-packages/kafka/consumer/group.py", line 964, in __next__
    return next(self._iterator)
  File "/Users/admin/Projects/github/docker/eventparser/env/lib/python3.6/site-packages/kafka/consumer/group.py", line 904, in _message_generator
    self._client.poll(timeout_ms=poll_ms, sleep=True)
  File "/Users/admin/Projects/github/docker/eventparser/env/lib/python3.6/site-packages/kafka/client_async.py", line 525, in poll
    responses.extend(self._poll(timeout, sleep=sleep))
  File "/Users/admin/Projects/github/docker/eventparser/env/lib/python3.6/site-packages/kafka/client_async.py", line 542, in _poll
    ready = self._selector.select(timeout)
  File "/usr/local/Cellar/python3/3.6.1/Frameworks/Python.framework/Versions/3.6/lib/python3.6/selectors.py", line 577, in select
    kev_list = self._kqueue.control(None, max_ev, timeout)
KeyboardInterrupt
